Arguments: 
  /usr/local/bin/node /Users/mokakwan/.npm/_npx/6451/bin/yarn run serve

PATH: 
  /Users/mokakwan/.npm/_npx/6451/bin:/Users/mokakwan/Documents/MoProject/vr2019/BizzyBee/node_modules/.bin:/Users/mokakwan/anaconda/bin:/opt/local/bin:/opt/local/sbin:/Library/Frameworks/Python.framework/Versions/3.4/bin:/usr/local/bin:/usr/bin:/bin:/usr/sbin:/sbin:/usr/local/share/dotnet:/opt/X11/bin:/Library/Frameworks/Mono.framework/Versions/Current/Commands:/Users/mokakwan/.node/bin

Yarn version: 
  1.13.0

Node version: 
  6.9.5

Platform: 
  darwin x64

Trace: 
  SyntaxError: /Users/mokakwan/Documents/MoProject/vr2019/BizzyBee/package.json: Unexpected end of JSON input
      at Object.parse (native)
      at /Users/mokakwan/.npm/_npx/6451/lib/node_modules/yarn/lib/cli.js:1625:59
      at next (native)
      at step (/Users/mokakwan/.npm/_npx/6451/lib/node_modules/yarn/lib/cli.js:304:30)
      at /Users/mokakwan/.npm/_npx/6451/lib/node_modules/yarn/lib/cli.js:315:13

npm manifest: 
  

yarn manifest: 
  No manifest

Lockfile: 
  # THIS IS AN AUTOGENERATED FILE. DO NOT EDIT THIS FILE DIRECTLY.
  # yarn lockfile v1
